#
# There is insufficient memory for the Java Runtime Environment to continue.
# Native memory allocation (mmap) failed to map 62914560 bytes. Error detail: G1 virtual space
# Possible reasons:
#   The system is out of physical RAM or swap space
#   This process is running with CompressedOops enabled, and the Java Heap may be blocking the growth of the native heap
# Possible solutions:
#   Reduce memory load on the system
#   Increase physical memory or swap space
#   Check if swap backing store is full
#   Decrease Java heap size (-Xmx/-Xms)
#   Decrease number of Java threads
#   Decrease Java thread stack sizes (-Xss)
#   Set larger code cache with -XX:ReservedCodeCacheSize=
#   JVM is running with Unscaled Compressed Oops mode in which the Java heap is
#     placed in the first 4GB address space. The Java Heap base address is the
#     maximum limit for the native heap growth. Please use -XX:HeapBaseMinAddress
#     to set the Java Heap base and to place the Java Heap above 4GB virtual address.
# This output file may be truncated or incomplete.
#
#  Out of Memory Error (os_windows.cpp:3631), pid=18868, tid=23016
#
# JRE version:  (22.0+36) (build )
# Java VM: Java HotSpot(TM) 64-Bit Server VM (22+36-2370, mixed mode, sharing, tiered, compressed oops, compressed class ptrs, g1 gc, windows-amd64)
# No core dump will be written. Minidumps are not enabled by default on client versions of Windows
#

---------------  S U M M A R Y ------------

Command Line: -Dnet.bytebuddy.agent.attacher.dump= net.bytebuddy.agent.Attacher com.sun.tools.attach.VirtualMachine 24136 C:\Users\9262a\.m2\repository\net\bytebuddy\byte-buddy-agent\1.17.8\byte-buddy-agent-1.17.8.jar false 

Host: 12th Gen Intel(R) Core(TM) i5-1235U, 12 cores, 3G,  Windows 11 , 64 bit Build 26100 (10.0.26100.8246)
Time: Thu Apr 23 23:40:38 2026 India Standard Time elapsed time: 2.028378 seconds (0d 0h 0m 2s)

---------------  T H R E A D  ---------------

Current thread (0x0000021beddbf550):  JavaThread "Unknown thread" [_thread_in_vm, id=23016, stack(0x000000463a600000,0x000000463a700000) (1024K)]

Stack: [0x000000463a600000,0x000000463a700000]
Native frames: (J=compiled Java code, j=interpreted, Vv=VM code, C=native code)
V  [jvm.dll+0x6e2349]  (no source info available)
V  [jvm.dll+0x874ed3]  (no source info available)
V  [jvm.dll+0x8772fe]  (no source info available)
V  [jvm.dll+0x8779d3]  (no source info available)
V  [jvm.dll+0x27fcb6]  (no source info available)
V  [jvm.dll+0x6de9e5]  (no source info available)
V  [jvm.dll+0x6d34ea]  (no source info available)
V  [jvm.dll+0x35892a]  (no source info available)
V  [jvm.dll+0x360e56]  (no source info available)
V  [jvm.dll+0x3b3d7e]  (no source info available)
V  [jvm.dll+0x3b4028]  (no source info available)
V  [jvm.dll+0x32c4ec]  (no source info available)
V  [jvm.dll+0x32d0a8]  (no source info available)
V  [jvm.dll+0x83cd9c]  (no source info available)
V  [jvm.dll+0x3c0cc1]  (no source info available)
V  [jvm.dll+0x825d8c]  (no source info available)
V  [jvm.dll+0x45b9ee]  (no source info available)
V  [jvm.dll+0x45d871]  (no source info available)
C  [jli.dll+0x52a3]  (no source info available)
C  [ucrtbase.dll+0x37b0]  (no source info available)
C  [KERNEL32.DLL+0x2e8d7]  (no source info available)
C  [ntdll.dll+0x8c3fc]  (no source info available)


---------------  P R O C E S S  ---------------

Threads class SMR info:
_java_thread_list=0x00007ffaf2a0c1c8, length=0, elements={
}

Java Threads: ( => current thread )
Total: 0

Other Threads:
  0x0000021beddf3480 WorkerThread "GC Thread#0"                     [id=15564, stack(0x000000463a700000,0x000000463a800000) (1024K)]
  0x0000021beddfba30 ConcurrentGCThread "G1 Main Marker"            [id=4252, stack(0x000000463a800000,0x000000463a900000) (1024K)]
  0x0000021beddfc540 WorkerThread "G1 Conc#0"                       [id=21580, stack(0x000000463a900000,0x000000463aa00000) (1024K)]

[error occurred during error reporting (printing all threads), id 0xc0000005, EXCEPTION_ACCESS_VIOLATION (0xc0000005) at pc=0x00007ffaf215f2b7]
VM state: not at safepoint (not fully initialized)

VM Mutex/Monitor currently owned by a thread:  ([mutex/lock_event])
[0x00007ffaf2a8ccc8] Heap_lock - owner thread: 0x0000021beddbf550

Heap address: 0x00000000c5200000, size: 942 MB, Compressed Oops mode: 32-bit

CDS archive(s) mapped at: [0x0000000000000000-0x0000000000000000-0x0000000000000000), size 0, SharedBaseAddress: 0x0000000800000000, ArchiveRelocationMode: 1.
Narrow klass base: 0x0000000000000000, Narrow klass shift: 0, Narrow klass range: 0x0

GC Precious Log:
 CardTable entry size: 512
 Card Set container configuration: InlinePtr #cards 5 size 8 Array Of Cards #cards 12 size 40 Howl #buckets 4 coarsen threshold 1843 Howl Bitmap #cards 512 size 80 coarsen threshold 460 Card regions per heap region 1 cards per card region 2048

Heap:
 garbage-first heap   total reserved 964608K, committed 0K, used 0K [0x00000000c5200000, 0x0000000100000000)
  region size 1024K, 0 young (0K), 0 survivors (0K)

[error occurred during error reporting (printing heap information), id 0xc0000005, EXCEPTION_ACCESS_VIOLATION (0xc0000005) at pc=0x00007ffaf255e4e9]
GC Heap History (0 events):
No events

Dll operation events (1 events):
Event: 0.009 Loaded shared library C:\Program Files\Java\jdk-22\bin\java.dll

Deoptimization events (0 events):
No events

Classes loaded (0 events):
No events

Classes unloaded (0 events):
No events

Classes redefined (0 events):
No events

Internal exceptions (0 events):
No events

ZGC Phase Switch (0 events):
No events

VM Operations (0 events):
No events

Events (0 events):
No events


Dynamic libraries:
0x00007ff790af0000 - 0x00007ff790b00000 	C:\Program Files\Java\jdk-22\bin\java.exe
0x00007ffb8d920000 - 0x00007ffb8db87000 	C:\WINDOWS\SYSTEM32\ntdll.dll
0x00007ffb8bff0000 - 0x00007ffb8c0b9000 	C:\WINDOWS\System32\KERNEL32.DLL
0x00007ffb8a5d0000 - 0x00007ffb8a9c4000 	C:\WINDOWS\System32\KERNELBASE.dll
0x00007ffb8b270000 - 0x00007ffb8b3bb000 	C:\WINDOWS\System32\ucrtbase.dll
0x00007ffb69070000 - 0x00007ffb6908b000 	C:\Program Files\Java\jdk-22\bin\VCRUNTIME140.dll
0x00007ffb69100000 - 0x00007ffb69117000 	C:\Program Files\Java\jdk-22\bin\jli.dll
0x00007ffb8b6c0000 - 0x00007ffb8b776000 	C:\WINDOWS\System32\ADVAPI32.dll
0x00007ffb8bf40000 - 0x00007ffb8bfe9000 	C:\WINDOWS\System32\msvcrt.dll
0x00007ffb8cb50000 - 0x00007ffb8cbf7000 	C:\WINDOWS\System32\sechost.dll
0x00007ffb8c830000 - 0x00007ffb8c948000 	C:\WINDOWS\System32\RPCRT4.dll
0x00007ffb8cde0000 - 0x00007ffb8cfa5000 	C:\WINDOWS\System32\USER32.dll
0x00007ffb67430000 - 0x00007ffb676c3000 	C:\WINDOWS\WinSxS\amd64_microsoft.windows.common-controls_6595b64144ccf1df_6.0.26100.8115_none_3e075c82e3354f9c\COMCTL32.dll
0x00007ffb8d1c0000 - 0x00007ffb8d1eb000 	C:\WINDOWS\System32\GDI32.dll
0x00007ffb8b240000 - 0x00007ffb8b267000 	C:\WINDOWS\System32\win32u.dll
0x00007ffb8a4a0000 - 0x00007ffb8a5cb000 	C:\WINDOWS\System32\gdi32full.dll
0x00007ffb8a360000 - 0x00007ffb8a403000 	C:\WINDOWS\System32\msvcp_win.dll
0x00007ffb77850000 - 0x00007ffb7785b000 	C:\WINDOWS\SYSTEM32\VERSION.dll
0x00007ffb8be20000 - 0x00007ffb8be52000 	C:\WINDOWS\System32\IMM32.DLL
0x00007ffb69370000 - 0x00007ffb6937c000 	C:\Program Files\Java\jdk-22\bin\vcruntime140_1.dll
0x00007ffb4bbf0000 - 0x00007ffb4bc7e000 	C:\Program Files\Java\jdk-22\bin\msvcp140.dll
0x00007ffaf1e20000 - 0x00007ffaf2b68000 	C:\Program Files\Java\jdk-22\bin\server\jvm.dll
0x00007ffb8d2b0000 - 0x00007ffb8d330000 	C:\WINDOWS\System32\WS2_32.dll
0x00007ffb80930000 - 0x00007ffb80966000 	C:\WINDOWS\SYSTEM32\WINMM.dll
0x00007ffb8a050000 - 0x00007ffb8a0ae000 	C:\WINDOWS\SYSTEM32\POWRPROF.dll
0x00007ffb8a030000 - 0x00007ffb8a044000 	C:\WINDOWS\SYSTEM32\UMPDC.dll
0x00007ffb88f80000 - 0x00007ffb88f9b000 	C:\WINDOWS\SYSTEM32\kernel.appcore.dll
0x00007ffb69060000 - 0x00007ffb6906a000 	C:\Program Files\Java\jdk-22\bin\jimage.dll
0x00007ffb880f0000 - 0x00007ffb88332000 	C:\WINDOWS\SYSTEM32\DBGHELP.DLL
0x00007ffb8b7a0000 - 0x00007ffb8bb22000 	C:\WINDOWS\System32\combase.dll
0x00007ffb8cc00000 - 0x00007ffb8ccd8000 	C:\WINDOWS\System32\OLEAUT32.dll
0x00007ffb65800000 - 0x00007ffb6583b000 	C:\WINDOWS\SYSTEM32\dbgcore.DLL
0x00007ffb8a1f0000 - 0x00007ffb8a295000 	C:\WINDOWS\System32\bcryptPrimitives.dll
0x00007ffb639b0000 - 0x00007ffb639ce000 	C:\Program Files\Java\jdk-22\bin\java.dll
0x00007ffb8c0c0000 - 0x00007ffb8c827000 	C:\WINDOWS\System32\SHELL32.dll
0x00007ffb8b3c0000 - 0x00007ffb8b52a000 	C:\WINDOWS\System32\wintypes.dll
0x00007ffb8bc10000 - 0x00007ffb8bda7000 	C:\WINDOWS\System32\ole32.dll

dbghelp: loaded successfully - version: 4.0.5 - missing functions: none
symbol engine: initialized successfully - sym options: 0x614 - pdb path: .;C:\Program Files\Java\jdk-22\bin;C:\WINDOWS\SYSTEM32;C:\WINDOWS\WinSxS\amd64_microsoft.windows.common-controls_6595b64144ccf1df_6.0.26100.8115_none_3e075c82e3354f9c;C:\Program Files\Java\jdk-22\bin\server

VM Arguments:
jvm_args: -Dnet.bytebuddy.agent.attacher.dump= 
java_command: net.bytebuddy.agent.Attacher com.sun.tools.attach.VirtualMachine 24136 C:\Users\9262a\.m2\repository\net\bytebuddy\byte-buddy-agent\1.17.8\byte-buddy-agent-1.17.8.jar false 
java_class_path (initial): C:\Users\9262a\.m2\repository\net\bytebuddy\byte-buddy-agent\1.17.8\byte-buddy-agent-1.17.8.jar
Launcher Type: SUN_STANDARD

[Global flags]
     intx CICompilerCount                          = 4                                         {product} {ergonomic}
     uint ConcGCThreads                            = 3                                         {product} {ergonomic}
     uint G1ConcRefinementThreads                  = 10                                        {product} {ergonomic}
   size_t G1HeapRegionSize                         = 1048576                                   {product} {ergonomic}
   size_t InitialHeapSize                          = 62914560                                  {product} {ergonomic}
   size_t MarkStackSize                            = 4194304                                   {product} {ergonomic}
   size_t MaxHeapSize                              = 987758592                                 {product} {ergonomic}
   size_t MinHeapDeltaBytes                        = 1048576                                   {product} {ergonomic}
   size_t MinHeapSize                              = 8388608                                   {product} {ergonomic}
    uintx NonNMethodCodeHeapSize                   = 5839372                                {pd product} {ergonomic}
    uintx NonProfiledCodeHeapSize                  = 122909434                              {pd product} {ergonomic}
    uintx ProfiledCodeHeapSize                     = 122909434                              {pd product} {ergonomic}
    uintx ReservedCodeCacheSize                    = 251658240                              {pd product} {ergonomic}
     bool SegmentedCodeCache                       = true                                      {product} {ergonomic}
   size_t SoftMaxHeapSize                          = 987758592                              {manageable} {ergonomic}
     bool UseCompressedOops                        = true                           {product lp64_product} {ergonomic}
     bool UseG1GC                                  = true                                      {product} {ergonomic}
     bool UseLargePagesIndividualAllocation        = false                                  {pd product} {ergonomic}

Logging:
Log output configuration:
 #0: stdout all=warning uptime,level,tags foldmultilines=false
 #1: stderr all=off uptime,level,tags foldmultilines=false

Environment Variables:
PATH=c:\Users\9262a\AppData\Local\Programs\cursor\resources\app\resources\helpers;C:\oraclexe\app\oracle\product\11.2.0\server\bin;C:\Program Files\Common Files\Oracle\Java\javapath;C:\MinGW\bin;C:\WINDOWS;C:\WINDOWS\System32\Wbem;C:\WINDOWS\System32\WindowsPowerShell\v1.0\;C:\WINDOWS\System32\OpenSSH\;C:\Program Files\dotnet\;C:\WINDOWS\system32;C:\Program Files\Git\cmd;C:\Program Files\nodejs\;C:\Users\9262a\AppData\Local\Programs\Python\Python312\Scripts\;C:\Users\9262a\AppData\Local\Programs\Python\Python312\;C:\Users\9262a\AppData\Local\Programs\Python\Launcher\;C:\Users\9262a\AppData\Local\Microsoft\WindowsApps;C:\Users\9262a\AppData\Local\Programs\Microsoft VS Code\bin;C:\Users\9262a\AppData\Local\Programs\mongosh\;C:\Program Files\nodejs\;C:\Users\9262a\AppData\Local\Programs\cursor\resources\app\bin;C:\Users\9262a\AppData\Roaming\npm;C:\Users\9262a\AppData\Local\Programs\Antigravity\bin
USERNAME=9262a
TERM=dumb
OS=Windows_NT
PROCESSOR_IDENTIFIER=Intel64 Family 6 Model 154 Stepping 4, GenuineIntel
TMP=C:\Users\9262a\AppData\Local\Temp
TEMP=C:\Users\9262a\AppData\Local\Temp




Periodic native trim disabled

---------------  S Y S T E M  ---------------

OS:
 Windows 11 , 64 bit Build 26100 (10.0.26100.8246)
OS uptime: 0 days 1:58 hours
Hyper-V role detected

CPU: total 12 (initial active 12) (6 cores per cpu, 2 threads per core) family 6 model 154 stepping 4 microcode 0x42c, cx8, cmov, fxsr, ht, mmx, 3dnowpref, sse, sse2, sse3, ssse3, sse4.1, sse4.2, popcnt, lzcnt, tsc, tscinvbit, avx, avx2, aes, erms, clmul, bmi1, bmi2, adx, sha, fma, vzeroupper, clflush, clflushopt, clwb, hv, serialize, rdtscp, rdpid, fsrm, f16c, cet_ibt, cet_ss
Processor Information for processor 0
  Max Mhz: 1300, Current Mhz: 1300, Mhz Limit: 1300
Processor Information for processor 1
  Max Mhz: 1300, Current Mhz: 1300, Mhz Limit: 1300
Processor Information for processor 2
  Max Mhz: 1300, Current Mhz: 1300, Mhz Limit: 1300
Processor Information for processor 3
  Max Mhz: 1300, Current Mhz: 1300, Mhz Limit: 1300
Processor Information for processor 4
  Max Mhz: 1300, Current Mhz: 900, Mhz Limit: 897
Processor Information for processor 5
  Max Mhz: 1300, Current Mhz: 900, Mhz Limit: 897
Processor Information for processor 6
  Max Mhz: 1300, Current Mhz: 900, Mhz Limit: 897
Processor Information for processor 7
  Max Mhz: 1300, Current Mhz: 900, Mhz Limit: 897
Processor Information for processor 8
  Max Mhz: 1300, Current Mhz: 900, Mhz Limit: 897
Processor Information for processor 9
  Max Mhz: 1300, Current Mhz: 900, Mhz Limit: 897
Processor Information for processor 10
  Max Mhz: 1300, Current Mhz: 900, Mhz Limit: 897
Processor Information for processor 11
  Max Mhz: 1300, Current Mhz: 900, Mhz Limit: 897

Memory: 4k page, system-wide physical 3767M (282M free)
TotalPageFile size 15543M (AvailPageFile size 52M)
current process WorkingSet (physical memory assigned to process): 13M, peak: 13M
current process commit charge ("private bytes"): 64M, peak: 124M

vm_info: Java HotSpot(TM) 64-Bit Server VM (22+36-2370) for windows-amd64 JRE (22+36-2370), built on 2024-02-15T22:15:19Z by "mach5one" with MS VC++ 17.6 (VS2022)

END.
